[2019-10-20 17:23:27] - DEBUG - ##########################################################
[2019-10-20 17:23:27] - DEBUG - #
[2019-10-20 17:23:27] - DEBUG - # NEW RUN !!!
[2019-10-20 17:23:27] - DEBUG - #
[2019-10-20 17:23:27] - DEBUG - ##########################################################
[2019-10-20 17:23:27] - DEBUG - [[generate_hosts - generate] Your dynamic hosts file is being created ...
[2019-10-20 17:23:27] - DEBUG - [[generate_hosts - generate] file content :
[2019-10-20 17:23:27] - DEBUG - 


[leaf]

leaf01 ansible_host=192.168.254.10 ansible_port=22201 

leaf02 ansible_host=192.168.254.10 ansible_port=22202 

leaf03 ansible_host=192.168.254.10 ansible_port=22203 

leaf04 ansible_host=192.168.254.10 ansible_port=22204 


[spine]

spine01 ansible_host=192.168.254.10 ansible_port=22101 

spine02 ansible_host=192.168.254.10 ansible_port=22102 


[exit]

exit01 ansible_host=192.168.254.10 ansible_port=22151 

exit02 ansible_host=192.168.254.10 ansible_port=22152 


[core]

core01 ansible_host=192.168.254.10 ansible_port=22051 

core02 ansible_host=192.168.254.10 ansible_port=22052 





#
# Static variables
#
[all:vars]
ansible_user=cumulus
ansible_ssh_pass=CumulusLinux!
ansible_sudo_pass=CumulusLinux!
[2019-10-20 17:23:27] - DEBUG - [[generate_hosts - write_string_in_file] Open ./hosts...
[2019-10-20 17:23:27] - DEBUG - [[generate_hosts - write_string_in_file] Write data...
[2019-10-20 17:23:27] - DEBUG - [[generate_hosts - write_string_in_file] Close ./hosts...
[2019-10-20 17:23:27] - DEBUG - [[generate_hosts - generate] Your dynamic hosts file has been created ...
